{"level":"info","message":"Hola mundo","service":"user-service"}
{"level":"info","message":"Hola mundo"}
{"level":"info","mensage":"Hola mundo","service":"app.js"}
{"level":"info","mensage":"Hola mundo","service":"app.js"}
{"level":"info","message":"Hola mundo","service":"app.js"}
{"level":"info","message":"Hola mundo","service":"app.js"}
{"level":"info","message":"Hola mundo","service":"app.js"}
{"level":"error","message":"error Esto es algo malo","service":"app.js"}
{"level":"info","message":"Hola mundo","service":"app.js"}
{"at":"2023-12-05T17:55:36.688Z","level":"error","message":"error Esto es algo malo","service":"app.js"}
{"level":"info","message":"Hola mundo","service":"app.js"}
{"level":"error","message":"error Esto es algo malo","service":"app.js"}
{"level":"info","message":"Hola mundo","service":"app.js"}
{"level":"error","message":"error Esto es algo malo","service":"app.js"}
{"level":"info","message":"Hola mundo","service":"app.js"}
{"level":"error","message":"error Esto es algo malo","service":"app.js"}
{"level":"info","message":"Hola mundo","service":"app.js","timestamp":"2023-12-05T17:57:27.993Z"}
{"level":"error","message":"error Esto es algo malo","service":"app.js","timestamp":"2023-12-05T17:57:27.999Z"}
{"level":"info","message":"Hola mundo","service":"app.js","timestamp":"2023-12-05T18:01:07.986Z"}
{"level":"error","message":"error Esto es algo malo","service":"app.js","timestamp":"2023-12-05T18:01:07.990Z"}
